Release 14.7 - xst P.20131013 (lin64)
Copyright (c) 1995-2013 Xilinx, Inc.  All rights reserved.
--> 
Parameter TMPDIR set to xst/projnav.tmp


Total REAL time to Xst completion: 0.00 secs
Total CPU time to Xst completion: 0.04 secs
 
--> 
Parameter xsthdpdir set to xst


Total REAL time to Xst completion: 0.00 secs
Total CPU time to Xst completion: 0.04 secs
 
--> 
Reading design: VGA.prj

TABLE OF CONTENTS
  1) Synthesis Options Summary
  2) HDL Parsing
  3) HDL Elaboration
  4) HDL Synthesis
       4.1) HDL Synthesis Report
  5) Advanced HDL Synthesis
       5.1) Advanced HDL Synthesis Report
  6) Low Level Synthesis
  7) Partition Report
  8) Design Summary
       8.1) Primitive and Black Box Usage
       8.2) Device utilization summary
       8.3) Partition Resource Summary
       8.4) Timing Report
            8.4.1) Clock Information
            8.4.2) Asynchronous Control Signals Information
            8.4.3) Timing Summary
            8.4.4) Timing Details
            8.4.5) Cross Clock Domains Report


=========================================================================
*                      Synthesis Options Summary                        *
=========================================================================
---- Source Parameters
Input File Name                    : "VGA.prj"
Ignore Synthesis Constraint File   : NO

---- Target Parameters
Output File Name                   : "VGA"
Output Format                      : NGC
Target Device                      : xc6slx9-3-tqg144

---- Source Options
Top Module Name                    : VGA
Automatic FSM Extraction           : YES
FSM Encoding Algorithm             : Auto
Safe Implementation                : No
FSM Style                          : LUT
RAM Extraction                     : Yes
RAM Style                          : Auto
ROM Extraction                     : Yes
Shift Register Extraction          : YES
ROM Style                          : Auto
Resource Sharing                   : YES
Asynchronous To Synchronous        : NO
Shift Register Minimum Size        : 2
Use DSP Block                      : Auto
Automatic Register Balancing       : No

---- Target Options
LUT Combining                      : Auto
Reduce Control Sets                : Auto
Add IO Buffers                     : YES
Global Maximum Fanout              : 100000
Add Generic Clock Buffer(BUFG)     : 16
Register Duplication               : YES
Optimize Instantiated Primitives   : NO
Use Clock Enable                   : Auto
Use Synchronous Set                : Auto
Use Synchronous Reset              : Auto
Pack IO Registers into IOBs        : Auto
Equivalent register Removal        : YES

---- General Options
Optimization Goal                  : Speed
Optimization Effort                : 1
Power Reduction                    : NO
Keep Hierarchy                     : No
Netlist Hierarchy                  : As_Optimized
RTL Output                         : Yes
Global Optimization                : AllClockNets
Read Cores                         : YES
Write Timing Constraints           : NO
Cross Clock Analysis               : NO
Hierarchy Separator                : /
Bus Delimiter                      : <>
Case Specifier                     : Maintain
Slice Utilization Ratio            : 100
BRAM Utilization Ratio             : 100
DSP48 Utilization Ratio            : 100
Auto BRAM Packing                  : NO
Slice Utilization Ratio Delta      : 5

=========================================================================


=========================================================================
*                          HDL Parsing                                  *
=========================================================================
Parsing VHDL file "/home/korn/xilinx/test-vga/vhdl.vhd" into library work
Parsing entity <VGA>.
Parsing architecture <Behavioral> of entity <vga>.

=========================================================================
*                            HDL Elaboration                            *
=========================================================================

Elaborating entity <VGA> (architecture <Behavioral>) from library <work>.

=========================================================================
*                           HDL Synthesis                               *
=========================================================================

Synthesizing Unit <VGA>.
    Related source file is "/home/korn/xilinx/test-vga/vhdl.vhd".
    Found 1-bit register for signal <blue>.
    Found 1-bit register for signal <hs_out>.
    Found 1-bit register for signal <vs_out>.
    Found 10-bit register for signal <hs>.
    Found 10-bit register for signal <vs>.
    Found 1-bit register for signal <red>.
    Found 10-bit adder for signal <hs[9]_GND_5_o_add_76_OUT> created at line 277.
    Found 10-bit adder for signal <vs[9]_GND_5_o_add_78_OUT> created at line 281.
    Found 10-bit comparator lessequal for signal <n0003> created at line 53
    Found 10-bit comparator lessequal for signal <n0007> created at line 61
    Found 10-bit comparator lessequal for signal <n0012> created at line 69
    Found 10-bit comparator lessequal for signal <n0057> created at line 197
    Found 10-bit comparator lessequal for signal <n0059> created at line 197
    Found 10-bit comparator lessequal for signal <n0073> created at line 229
    Found 10-bit comparator lessequal for signal <n0075> created at line 229
    Found 10-bit comparator greater for signal <GND_5_o_hs[9]_LessThan_73_o> created at line 249
    Found 10-bit comparator greater for signal <hs[9]_GND_5_o_LessThan_74_o> created at line 251
    Found 10-bit comparator greater for signal <GND_5_o_vs[9]_LessThan_75_o> created at line 263
    Found 10-bit comparator greater for signal <vs[9]_GND_5_o_LessThan_76_o> created at line 265
    WARNING:Xst:2404 -  FFs/Latches <green<0:0>> (without init value) have a constant value of 0 in block <VGA>.
    Summary:
	inferred   2 Adder/Subtractor(s).
	inferred  24 D-type flip-flop(s).
	inferred  11 Comparator(s).
	inferred  36 Multiplexer(s).
Unit <VGA> synthesized.

=========================================================================
HDL Synthesis Report

Macro Statistics
# Adders/Subtractors                                   : 2
 10-bit adder                                          : 2
# Registers                                            : 6
 1-bit register                                        : 4
 10-bit register                                       : 2
# Comparators                                          : 11
 10-bit comparator greater                             : 4
 10-bit comparator lessequal                           : 7
# Multiplexers                                         : 36
 1-bit 2-to-1 multiplexer                              : 36

=========================================================================

=========================================================================
*                       Advanced HDL Synthesis                          *
=========================================================================


Synthesizing (advanced) Unit <VGA>.
The following registers are absorbed into counter <hs>: 1 register on signal <hs>.
The following registers are absorbed into counter <vs>: 1 register on signal <vs>.
Unit <VGA> synthesized (advanced).

=========================================================================
Advanced HDL Synthesis Report

Macro Statistics
# Counters                                             : 2
 10-bit up counter                                     : 2
# Registers                                            : 4
 Flip-Flops                                            : 4
# Comparators                                          : 11
 10-bit comparator greater                             : 4
 10-bit comparator lessequal                           : 7
# Multiplexers                                         : 36
 1-bit 2-to-1 multiplexer                              : 36

=========================================================================

=========================================================================
*                         Low Level Synthesis                           *
=========================================================================

Optimizing unit <VGA> ...

Mapping all equations...
Building and optimizing final netlist ...
Found area constraint ratio of 100 (+ 5) on block VGA, actual ratio is 1.

Final Macro Processing ...

=========================================================================
Final Register Report

Macro Statistics
# Registers                                            : 24
 Flip-Flops                                            : 24

=========================================================================

=========================================================================
*                           Partition Report                            *
=========================================================================

Partition Implementation Status
-------------------------------

  No Partitions were found in this design.

-------------------------------

=========================================================================
*                            Design Summary                             *
=========================================================================

Top Level Output File Name         : VGA.ngc

Primitive and Black Box Usage:
------------------------------
# BELS                             : 130
#      GND                         : 1
#      INV                         : 2
#      LUT1                        : 18
#      LUT2                        : 5
#      LUT3                        : 6
#      LUT4                        : 7
#      LUT5                        : 12
#      LUT6                        : 36
#      MUXCY                       : 18
#      MUXF7                       : 4
#      VCC                         : 1
#      XORCY                       : 20
# FlipFlops/Latches                : 24
#      FDR                         : 12
#      FDRE                        : 10
#      FDS                         : 2
# Clock Buffers                    : 1
#      BUFGP                       : 1
# IO Buffers                       : 5
#      OBUF                        : 5

Device utilization summary:
---------------------------

Selected Device : 6slx9tqg144-3 


Slice Logic Utilization: 
 Number of Slice Registers:              24  out of  11440     0%  
 Number of Slice LUTs:                   86  out of   5720     1%  
    Number used as Logic:                86  out of   5720     1%  

Slice Logic Distribution: 
 Number of LUT Flip Flop pairs used:     88
   Number with an unused Flip Flop:      64  out of     88    72%  
   Number with an unused LUT:             2  out of     88     2%  
   Number of fully used LUT-FF pairs:    22  out of     88    25%  
   Number of unique control sets:         5

IO Utilization: 
 Number of IOs:                           6
 Number of bonded IOBs:                   6  out of    102     5%  

Specific Feature Utilization:
 Number of BUFG/BUFGCTRLs:                1  out of     16     6%  

---------------------------
Partition Resource Summary:
---------------------------

  No Partitions were found in this design.

---------------------------


=========================================================================
Timing Report

NOTE: THESE TIMING NUMBERS ARE ONLY A SYNTHESIS ESTIMATE.
      FOR ACCURATE TIMING INFORMATION PLEASE REFER TO THE TRACE REPORT
      GENERATED AFTER PLACE-and-ROUTE.

Clock Information:
------------------
-----------------------------------+------------------------+-------+
Clock Signal                       | Clock buffer(FF name)  | Load  |
-----------------------------------+------------------------+-------+
clk25                              | BUFGP                  | 24    |
-----------------------------------+------------------------+-------+

Asynchronous Control Signals Information:
----------------------------------------
No asynchronous control signals found in this design

Timing Summary:
---------------
Speed Grade: -3

   Minimum period: 5.889ns (Maximum Frequency: 169.799MHz)
   Minimum input arrival time before clock: No path found
   Maximum output required time after clock: 3.597ns
   Maximum combinational path delay: No path found

Timing Details:
---------------
All values displayed in nanoseconds (ns)

=========================================================================
Timing constraint: Default period analysis for Clock 'clk25'
  Clock period: 5.889ns (frequency: 169.799MHz)
  Total number of paths / destination ports: 1455 / 56
-------------------------------------------------------------------------
Delay:               5.889ns (Levels of Logic = 5)
  Source:            vs_2 (FF)
  Destination:       red (FF)
  Source Clock:      clk25 rising
  Destination Clock: clk25 rising

  Data Path: vs_2 to red
                                Gate     Net
    Cell:in->out      fanout   Delay   Delay  Logical Name (Net Name)
    ----------------------------------------  ------------
     FDRE:C->Q            10   0.447   1.085  vs_2 (vs_2)
     LUT3:I0->O            2   0.205   0.617  Mmux_hs[9]_PWR_5_o_MUX_32_o11311 (Mmux_hs[9]_PWR_5_o_MUX_32_o1131)
     LUT6:I5->O            5   0.205   0.943  GND_5_o_vs[9]_LessThan_71_o11 (GND_5_o_vs[9]_LessThan_71_o)
     LUT6:I3->O            1   0.205   0.808  Mmux_hs[9]_PWR_5_o_MUX_47_o122 (Mmux_hs[9]_PWR_5_o_MUX_47_o121)
     LUT6:I3->O            2   0.205   0.864  Mmux_hs[9]_PWR_5_o_MUX_47_o123 (Mmux_hs[9]_PWR_5_o_MUX_47_o122)
     LUT6:I2->O            1   0.203   0.000  Mmux_hs[9]_PWR_5_o_MUX_32_o18 (hs[9]_PWR_5_o_MUX_32_o)
     FDS:D                     0.102          red
    ----------------------------------------
    Total                      5.889ns (1.572ns logic, 4.317ns route)
                                       (26.7% logic, 73.3% route)

=========================================================================
Timing constraint: Default OFFSET OUT AFTER for Clock 'clk25'
  Total number of paths / destination ports: 4 / 4
-------------------------------------------------------------------------
Offset:              3.597ns (Levels of Logic = 1)
  Source:            red (FF)
  Destination:       red (PAD)
  Source Clock:      clk25 rising

  Data Path: red to red
                                Gate     Net
    Cell:in->out      fanout   Delay   Delay  Logical Name (Net Name)
    ----------------------------------------  ------------
     FDS:C->Q              1   0.447   0.579  red (red_OBUF)
     OBUF:I->O                 2.571          red_OBUF (red)
    ----------------------------------------
    Total                      3.597ns (3.018ns logic, 0.579ns route)
                                       (83.9% logic, 16.1% route)

=========================================================================

Cross Clock Domains Report:
--------------------------

Clock to Setup on destination clock clk25
---------------+---------+---------+---------+---------+
               | Src:Rise| Src:Fall| Src:Rise| Src:Fall|
Source Clock   |Dest:Rise|Dest:Rise|Dest:Fall|Dest:Fall|
---------------+---------+---------+---------+---------+
clk25          |    5.889|         |         |         |
---------------+---------+---------+---------+---------+

=========================================================================


Total REAL time to Xst completion: 5.00 secs
Total CPU time to Xst completion: 4.42 secs
 
--> 


Total memory usage is 374416 kilobytes

Number of errors   :    0 (   0 filtered)
Number of warnings :    1 (   0 filtered)
Number of infos    :    0 (   0 filtered)

