--------------------------------------------------------------------------------
Release 14.7 Trace  (lin64)
Copyright (c) 1995-2013 Xilinx, Inc.  All rights reserved.

/opt/Xilinx/14.7/ISE_DS/ISE/bin/lin64/unwrapped/trce -intstyle ise -v 3 -s 3 -n
3 -fastpaths -xml MAIN.twx MAIN.ncd -o MAIN.twr MAIN.pcf -ucf MAIN.ucf

Design file:              MAIN.ncd
Physical constraint file: MAIN.pcf
Device,package,speed:     xc6slx9,tqg144,C,-3 (PRODUCTION 1.23 2013-10-13)
Report level:             verbose report

Environment Variable      Effect 
--------------------      ------ 
NONE                      No environment variables were set
--------------------------------------------------------------------------------

INFO:Timing:2698 - No timing constraints found, doing default enumeration.
INFO:Timing:3412 - To improve timing, see the Timing Closure User Guide (UG612).
INFO:Timing:2752 - To get complete path coverage, use the unconstrained paths 
   option. All paths that are not constrained will be reported in the 
   unconstrained paths section(s) of the report.
INFO:Timing:3339 - The clock-to-out numbers in this timing report are based on 
   a 50 Ohm transmission line loading model.  For the details of this model, 
   and for more information on accounting for different loading conditions, 
   please see the device datasheet.



Data Sheet report:
-----------------
All values displayed in nanoseconds (ns)

Setup/Hold to clock CLOCK
------------+------------+------------+------------+------------+------------------+--------+
            |Max Setup to|  Process   |Max Hold to |  Process   |                  | Clock  |
Source      | clk (edge) |   Corner   | clk (edge) |   Corner   |Internal Clock(s) | Phase  |
------------+------------+------------+------------+------------+------------------+--------+
P1_LEFT     |   95.248(R)|      SLOW  |   -0.531(R)|      SLOW  |CLOCK_BUFGP       |   0.000|
P1_RIGHT    |   94.887(R)|      SLOW  |   -0.355(R)|      SLOW  |CLOCK_BUFGP       |   0.000|
P2_LEFT     |   94.841(R)|      SLOW  |   -0.356(R)|      SLOW  |CLOCK_BUFGP       |   0.000|
P2_RIGHT    |   94.671(R)|      SLOW  |   -0.592(R)|      SLOW  |CLOCK_BUFGP       |   0.000|
------------+------------+------------+------------+------------+------------------+--------+

Clock CLOCK to Pad
------------+-----------------+------------+-----------------+------------+------------------+--------+
            |Max (slowest) clk|  Process   |Min (fastest) clk|  Process   |                  | Clock  |
Destination |  (edge) to PAD  |   Corner   |  (edge) to PAD  |   Corner   |Internal Clock(s) | Phase  |
------------+-----------------+------------+-----------------+------------+------------------+--------+
BLUE        |         8.012(R)|      SLOW  |         4.183(R)|      FAST  |CLOCK_BUFGP       |   0.000|
BUZZER      |         7.556(R)|      SLOW  |         3.939(R)|      FAST  |CLOCK_BUFGP       |   0.000|
GREEN       |         8.371(R)|      SLOW  |         4.396(R)|      FAST  |CLOCK_BUFGP       |   0.000|
HSYNC       |         6.770(R)|      SLOW  |         3.387(R)|      FAST  |CLOCK_BUFGP       |   0.000|
RED         |         8.449(R)|      SLOW  |         4.494(R)|      FAST  |CLOCK_BUFGP       |   0.000|
VSYNC       |         7.048(R)|      SLOW  |         3.564(R)|      FAST  |CLOCK_BUFGP       |   0.000|
------------+-----------------+------------+-----------------+------------+------------------+--------+

Clock to Setup on destination clock CLOCK
---------------+---------+---------+---------+---------+
               | Src:Rise| Src:Fall| Src:Rise| Src:Fall|
Source Clock   |Dest:Rise|Dest:Rise|Dest:Fall|Dest:Fall|
---------------+---------+---------+---------+---------+
CLOCK          |  102.043|         |         |         |
---------------+---------+---------+---------+---------+


Analysis completed Tue Dec 13 00:25:31 2022 
--------------------------------------------------------------------------------

Trace Settings:
-------------------------
Trace Settings 

Peak Memory Usage: 444 MB



